<?xml version="1.0" encoding="UTF-8"?>
<!-- Generated by org.testng.reporters.JUnitXMLReporter -->
<testsuite hostname="Shams" ignored="0" name="AnyautTestCases" tests="1" failures="0" timestamp="03 Oct 2017 03:14:34 GMT" time="105.901" errors="0">
  <testcase name="VerifySearchButtonInAddEditPageWithInValidData" time="42.32" classname="com.anyaut.automation.AnyautAutomationProject.addModulePage.TC_Module_016_VerifySearchButtonInAddEditPageWithInValidData"/>
</testsuite> <!-- AnyautTestCases -->
