<?xml version="1.0" encoding="UTF-8"?>
<!-- Generated by org.testng.reporters.JUnitXMLReporter -->
<testsuite hostname="Shams" ignored="0" name="AnyautTestCases" tests="1" failures="0" timestamp="06 Oct 2017 00:08:38 GMT" time="73.004" errors="0">
  <testcase name="VerifySearchButtonInAddEditPageWithInValidData" time="43.923" classname="com.anyaut.automation.AnyautAutomationProject.addModulePage.TC_Module_016_VerifySearchButtonInAddEditPageWithInValidData"/>
</testsuite> <!-- AnyautTestCases -->
